TIMER TRACE: FullRegen START: 0.00000
TIMER TRACE: FullRegen  STOP: 0.13700
TIMER TRACE: FullRegen START: 0.00000
TIMER TRACE: FullRegen  STOP: 0.01500
TIMER TRACE: FullRegen START: 0.00000
TIMER TRACE: FullRegen  STOP: 0.02900
TIMER TRACE: DraggerRegen START: 0.00000
TIMER TRACE: DraggerRegen  STOP: 0.12200
TIMER TRACE: FullRegen START: 0.00000
TIMER TRACE: FullRegen  STOP: 0.13800
TIMER TRACE: FullRegen START: 0.00000
TIMER TRACE: FullRegen  STOP: 0.04400
TIMER TRACE: DraggerRegen START: 0.00000
TIMER TRACE: DraggerRegen  STOP: 0.20200
TIMER TRACE: FullRegen START: 0.00000
TIMER TRACE: FullRegen  STOP: 0.25800
TIMER TRACE: DraggerRegen START: 0.00000
TIMER TRACE: DraggerRegen  STOP: 0.29500
TIMER TRACE: DraggerRegen START: 0.00000
TIMER TRACE: DraggerRegen  STOP: 0.26100
TIMER TRACE: DraggerRegen START: 0.00000
TIMER TRACE: DraggerRegen  STOP: 0.27000
TIMER TRACE: DraggerRegen START: 0.00000
TIMER TRACE: DraggerRegen  STOP: 0.37700
TIMER TRACE: DraggerRegen START: 0.00000
TIMER TRACE: DraggerRegen  STOP: 0.46100
TIMER TRACE: DraggerRegen START: 0.00000
TIMER TRACE: DraggerRegen  STOP: 0.42800
TIMER TRACE: FullRegen START: 0.00000
TIMER TRACE: FullRegen  STOP: 0.49800
TIMER TRACE: DraggerRegen START: 0.00000
TIMER TRACE: DraggerRegen  STOP: 0.21400
TIMER TRACE: DraggerRegen START: 0.00000
TIMER TRACE: DraggerRegen  STOP: 0.31100
TIMER TRACE: DraggerRegen START: 0.00000
TIMER TRACE: DraggerRegen  STOP: 0.21700
TIMER TRACE: DraggerRegen START: 0.00000
TIMER TRACE: DraggerRegen  STOP: 0.23200
TIMER TRACE: DraggerRegen START: 0.00000
TIMER TRACE: DraggerRegen  STOP: 0.23700
TIMER TRACE: DraggerRegen START: 0.00000
TIMER TRACE: DraggerRegen  STOP: 0.20600
TIMER TRACE: FullRegen START: 0.00000
TIMER TRACE: FullRegen  STOP: 0.25100
TIMER TRACE: DraggerRegen START: 0.00000
TIMER TRACE: DraggerRegen  STOP: 0.22500
TIMER TRACE: DraggerRegen START: 0.00000
TIMER TRACE: DraggerRegen  STOP: 0.23700
TIMER TRACE: FullRegen START: 0.00000
TIMER TRACE: FullRegen  STOP: 0.22900
TIMER TRACE: DraggerRegen START: 0.00000
TIMER TRACE: DraggerRegen  STOP: 0.23800
TIMER TRACE: DraggerRegen START: 0.00000
TIMER TRACE: DraggerRegen  STOP: 0.21200
TIMER TRACE: DraggerRegen START: 0.00000
TIMER TRACE: DraggerRegen  STOP: 0.23800
TIMER TRACE: DraggerRegen START: 0.00000
TIMER TRACE: DraggerRegen  STOP: 0.22900
TIMER TRACE: DraggerRegen START: 0.00000
TIMER TRACE: DraggerRegen  STOP: 0.20500
TIMER TRACE: DraggerRegen START: 0.00000
TIMER TRACE: DraggerRegen  STOP: 0.26700
TIMER TRACE: DraggerRegen START: 0.00000
TIMER TRACE: DraggerRegen  STOP: 0.19600
TIMER TRACE: DraggerRegen START: 0.00000
TIMER TRACE: DraggerRegen  STOP: 0.23600
TIMER TRACE: DraggerRegen START: 0.00000
TIMER TRACE: DraggerRegen  STOP: 0.24300
TIMER TRACE: DraggerRegen START: 0.00000
TIMER TRACE: DraggerRegen  STOP: 0.20900
TIMER TRACE: DraggerRegen START: 0.00000
TIMER TRACE: DraggerRegen  STOP: 0.23200
TIMER TRACE: DraggerRegen START: 0.00000
TIMER TRACE: DraggerRegen  STOP: 0.20800
TIMER TRACE: DraggerRegen START: 0.00000
TIMER TRACE: DraggerRegen  STOP: 0.22000
TIMER TRACE: DraggerRegen START: 0.00000
TIMER TRACE: DraggerRegen  STOP: 0.21100
TIMER TRACE: DraggerRegen START: 0.00000
TIMER TRACE: DraggerRegen  STOP: 0.20200
TIMER TRACE: DraggerRegen START: 0.00000
TIMER TRACE: DraggerRegen  STOP: 0.21900
TIMER TRACE: DraggerRegen START: 0.00000
TIMER TRACE: DraggerRegen  STOP: 0.22400
TIMER TRACE: DraggerRegen START: 0.00000
TIMER TRACE: DraggerRegen  STOP: 0.20700
TIMER TRACE: DraggerRegen START: 0.00000
TIMER TRACE: DraggerRegen  STOP: 0.44000
TIMER TRACE: FullRegen START: 0.00000
TIMER TRACE: FullRegen  STOP: 0.25000
TIMER TRACE: DraggerRegen START: 0.00000
TIMER TRACE: DraggerRegen  STOP: 0.22100
TIMER TRACE: DraggerRegen START: 0.00000
TIMER TRACE: DraggerRegen  STOP: 0.21700
TIMER TRACE: DraggerRegen START: 0.00000
TIMER TRACE: DraggerRegen  STOP: 0.19300
TIMER TRACE: DraggerRegen START: 0.00000
TIMER TRACE: DraggerRegen  STOP: 0.31300
TIMER TRACE: DraggerRegen START: 0.00000
TIMER TRACE: DraggerRegen  STOP: 0.45700
TIMER TRACE: DraggerRegen START: 0.00000
TIMER TRACE: DraggerRegen  STOP: 0.21000
TIMER TRACE: DraggerRegen START: 0.00000
TIMER TRACE: DraggerRegen  STOP: 0.22800
TIMER TRACE: DraggerRegen START: 0.00000
TIMER TRACE: DraggerRegen  STOP: 0.32200
TIMER TRACE: DraggerRegen START: 0.00000
TIMER TRACE: DraggerRegen  STOP: 0.46800
TIMER TRACE: DraggerRegen START: 0.00000
TIMER TRACE: DraggerRegen  STOP: 0.31200
TIMER TRACE: DraggerRegen START: 0.00000
TIMER TRACE: DraggerRegen  STOP: 0.24800
TIMER TRACE: DraggerRegen START: 0.00000
TIMER TRACE: DraggerRegen  STOP: 0.20500
TIMER TRACE: DraggerRegen START: 0.00000
TIMER TRACE: DraggerRegen  STOP: 0.22300
TIMER TRACE: DraggerRegen START: 0.00000
TIMER TRACE: DraggerRegen  STOP: 0.22100
TIMER TRACE: DraggerRegen START: 0.00000
TIMER TRACE: DraggerRegen  STOP: 0.23700
TIMER TRACE: DraggerRegen START: 0.00000
TIMER TRACE: DraggerRegen  STOP: 0.21700
TIMER TRACE: DraggerRegen START: 0.00000
TIMER TRACE: DraggerRegen  STOP: 0.26700
TIMER TRACE: DraggerRegen START: 0.00000
TIMER TRACE: DraggerRegen  STOP: 0.21200
TIMER TRACE: DraggerRegen START: 0.00000
TIMER TRACE: DraggerRegen  STOP: 0.47500
TIMER TRACE: FullRegen START: 0.00000
TIMER TRACE: FullRegen  STOP: 0.31900
TIMER TRACE: FullRegen START: 0.00000
TIMER TRACE: FullRegen  STOP: 0.11900
TIMER TRACE: FullRegen START: 0.00000
TIMER TRACE: FullRegen  STOP: 0.09300
TIMER TRACE: FullRegen START: 0.00000
TIMER TRACE: FullRegen  STOP: 0.04900
TIMER TRACE: FullRegen START: 0.00000
TIMER TRACE: FullRegen  STOP: 0.10500
TIMER TRACE: FullRegen START: 0.00000
TIMER TRACE: FullRegen  STOP: 0.10100
TIMER TRACE: FullRegen START: 0.00000
TIMER TRACE: FullRegen  STOP: 0.09900
TIMER TRACE: FullRegen START: 0.00000
TIMER TRACE: FullRegen  STOP: 0.05300
TIMER TRACE: DraggerRegen START: 0.00000
TIMER TRACE: DraggerRegen  STOP: 0.75300
TIMER TRACE: FullRegen START: 0.00000
TIMER TRACE: FullRegen  STOP: 0.55800
TIMER TRACE: FullRegen START: 0.00000
TIMER TRACE: FullRegen  STOP: 0.13200
TIMER TRACE: FullRegen START: 0.00000
TIMER TRACE: FullRegen  STOP: 0.05900
TIMER TRACE: DraggerRegen START: 0.00000
TIMER TRACE: DraggerRegen  STOP: 0.23500
TIMER TRACE: DraggerRegen START: 0.00000
TIMER TRACE: DraggerRegen  STOP: 0.22200
TIMER TRACE: DraggerRegen START: 0.00000
TIMER TRACE: DraggerRegen  STOP: 0.30400
TIMER TRACE: DraggerRegen START: 0.00000
TIMER TRACE: DraggerRegen  STOP: 0.16600
TIMER TRACE: DraggerRegen START: 0.00000
TIMER TRACE: DraggerRegen  STOP: 0.14400
TIMER TRACE: DraggerRegen START: 0.00000
TIMER TRACE: DraggerRegen  STOP: 0.26500
TIMER TRACE: DraggerRegen START: 0.00000
TIMER TRACE: DraggerRegen  STOP: 0.26000
TIMER TRACE: DraggerRegen START: 0.00000
TIMER TRACE: DraggerRegen  STOP: 0.14600
TIMER TRACE: DraggerRegen START: 0.00000
TIMER TRACE: DraggerRegen  STOP: 0.13400
TIMER TRACE: DraggerRegen START: 0.00000
TIMER TRACE: DraggerRegen  STOP: 0.13600
TIMER TRACE: DraggerRegen START: 0.00000
TIMER TRACE: DraggerRegen  STOP: 0.16200
TIMER TRACE: DraggerRegen START: 0.00000
TIMER TRACE: DraggerRegen  STOP: 0.13400
TIMER TRACE: DraggerRegen START: 0.00000
TIMER TRACE: DraggerRegen  STOP: 0.14400
TIMER TRACE: DraggerRegen START: 0.00000
TIMER TRACE: DraggerRegen  STOP: 0.13400
TIMER TRACE: DraggerRegen START: 0.00000
TIMER TRACE: DraggerRegen  STOP: 0.13600
TIMER TRACE: DraggerRegen START: 0.00000
TIMER TRACE: DraggerRegen  STOP: 0.15300
TIMER TRACE: DraggerRegen START: 0.00000
TIMER TRACE: DraggerRegen  STOP: 0.13600
TIMER TRACE: DraggerRegen START: 0.00000
TIMER TRACE: DraggerRegen  STOP: 0.16200
TIMER TRACE: DraggerRegen START: 0.00000
TIMER TRACE: DraggerRegen  STOP: 0.14400
TIMER TRACE: DraggerRegen START: 0.00000
TIMER TRACE: DraggerRegen  STOP: 0.14300
TIMER TRACE: DraggerRegen START: 0.00000
TIMER TRACE: DraggerRegen  STOP: 0.29200
TIMER TRACE: DraggerRegen START: 0.00000
TIMER TRACE: DraggerRegen  STOP: 0.14200
TIMER TRACE: DraggerRegen START: 0.00000
TIMER TRACE: DraggerRegen  STOP: 0.14200
TIMER TRACE: DraggerRegen START: 0.00000
TIMER TRACE: DraggerRegen  STOP: 0.13700
TIMER TRACE: DraggerRegen START: 0.00000
TIMER TRACE: DraggerRegen  STOP: 0.17600
TIMER TRACE: DraggerRegen START: 0.00000
TIMER TRACE: DraggerRegen  STOP: 0.13900
TIMER TRACE: DraggerRegen START: 0.00000
TIMER TRACE: DraggerRegen  STOP: 0.14100
TIMER TRACE: DraggerRegen START: 0.00000
TIMER TRACE: DraggerRegen  STOP: 0.21100
TIMER TRACE: DraggerRegen START: 0.00000
TIMER TRACE: DraggerRegen  STOP: 0.28800
TIMER TRACE: DraggerRegen START: 0.00000
TIMER TRACE: DraggerRegen  STOP: 0.15900
TIMER TRACE: DraggerRegen START: 0.00000
TIMER TRACE: DraggerRegen  STOP: 0.18200
TIMER TRACE: DraggerRegen START: 0.00000
TIMER TRACE: DraggerRegen  STOP: 0.16400
TIMER TRACE: DraggerRegen START: 0.00000
TIMER TRACE: DraggerRegen  STOP: 0.13500
TIMER TRACE: DraggerRegen START: 0.00000
TIMER TRACE: DraggerRegen  STOP: 0.14200
TIMER TRACE: DraggerRegen START: 0.00000
TIMER TRACE: DraggerRegen  STOP: 0.36600
TIMER TRACE: DraggerRegen START: 0.00000
TIMER TRACE: DraggerRegen  STOP: 0.24500
TIMER TRACE: DraggerRegen START: 0.00000
TIMER TRACE: DraggerRegen  STOP: 0.27400
TIMER TRACE: DraggerRegen START: 0.00000
TIMER TRACE: DraggerRegen  STOP: 0.50400
TIMER TRACE: DraggerRegen START: 0.00000
TIMER TRACE: DraggerRegen  STOP: 0.45300
TIMER TRACE: DraggerRegen START: 0.00000
TIMER TRACE: DraggerRegen  STOP: 0.53100
TIMER TRACE: DraggerRegen START: 0.00000
TIMER TRACE: DraggerRegen  STOP: 0.42600
TIMER TRACE: DraggerRegen START: 0.00000
TIMER TRACE: DraggerRegen  STOP: 0.51400
TIMER TRACE: DraggerRegen START: 0.00000
TIMER TRACE: DraggerRegen  STOP: 0.41900
TIMER TRACE: DraggerRegen START: 0.00000
TIMER TRACE: DraggerRegen  STOP: 0.39700
TIMER TRACE: DraggerRegen START: 0.00000
TIMER TRACE: DraggerRegen  STOP: 0.51000
TIMER TRACE: DraggerRegen START: 0.00000
TIMER TRACE: DraggerRegen  STOP: 0.58800
TIMER TRACE: DraggerRegen START: 0.00000
TIMER TRACE: DraggerRegen  STOP: 0.42800
TIMER TRACE: DraggerRegen START: 0.00000
TIMER TRACE: DraggerRegen  STOP: 0.48500
TIMER TRACE: FullRegen START: 0.00000
TIMER TRACE: FullRegen  STOP: 0.90800
TIMER TRACE: FullRegen START: 0.00000
TIMER TRACE: FullRegen  STOP: 1.52700
TIMER TRACE: FullRegen START: 0.00000
TIMER TRACE: FullRegen  STOP: 0.09300
TIMER TRACE: DraggerRegen START: 0.00000
TIMER TRACE: DraggerRegen  STOP: 0.50300
TIMER TRACE: DraggerRegen START: 0.00000
TIMER TRACE: DraggerRegen  STOP: 0.56000
TIMER TRACE: DraggerRegen START: 0.00000
TIMER TRACE: DraggerRegen  STOP: 0.27300
TIMER TRACE: DraggerRegen START: 0.00000
TIMER TRACE: DraggerRegen  STOP: 0.25500
TIMER TRACE: DraggerRegen START: 0.00000
TIMER TRACE: DraggerRegen  STOP: 0.53400
TIMER TRACE: FullRegen START: 0.00000
TIMER TRACE: FullRegen  STOP: 0.53000
TIMER TRACE: FullRegen START: 0.00000
TIMER TRACE: FullRegen  STOP: 0.09100
TIMER TRACE: FullRegen START: 0.00000
TIMER TRACE: FullRegen  STOP: 0.10600
drag3d: ORIG (-1.240000, 3.130000, -20.271350)
drag3d: POS  (-1.240000, 3.130000, -20.271350)
VRML read error: Cannot open [pv_ring.wrl],   @ line   1
D3DRAG: MOVE_Y (0.000000)
D3DRAG: MOVE_Y (0.297405)
D3DRAG: MOVE_Y (0.734352)
D3DRAG: MOVE_Y (0.603092)
D3DRAG: MOVE_Y (0.900497)
D3DRAG: MOVE_Y (7.837197)
D3DRAG: MOVE_Y (2.781305)
D3DRAG: MOVE_Y (1.757828)
drag3d: ORIG (-1.240000, 3.130000, -20.271350)
drag3d: POS  (-1.240000, 4.887828, -20.271350)
drag3d: ORIG (-1.240000, 3.130000, -20.271350)
drag3d: POS  (-1.240000, 4.887828, -20.271350)
D3DRAG: MOVE_Z (0.000000)
D3DRAG: MOVE_Z (0.091011)
D3DRAG: MOVE_Z (0.713610)
D3DRAG: MOVE_Z (0.972166)
D3DRAG: MOVE_Z (1.010433)
D3DRAG: MOVE_Z (1.048701)
D3DRAG: MOVE_Z (1.489278)
D3DRAG: MOVE_Z (1.580289)
D3DRAG: MOVE_Z (1.489278)
D3DRAG: MOVE_Z (0.253395)
D3DRAG: MOVE_Z (-0.747724)
D3DRAG: MOVE_Z (-0.656713)
D3DRAG: MOVE_Z (-0.019637)
drag3d: ORIG (-1.240000, 3.130000, -20.271350)
drag3d: POS  (-1.240000, 4.887828, -20.290987)
drag3d: ORIG (-1.240000, 3.130000, -20.271350)
drag3d: POS  (-1.240000, 3.130000, -20.271350)
D3DRAG: MOVE_Z (0.000000)
D3DRAG: MOVE_Z (0.134853)
D3DRAG: MOVE_Z (0.938072)
drag3d: ORIG (-1.240000, 3.130000, -20.271350)
drag3d: POS  (-1.240000, 3.130000, -19.333278)
D3DRAG: ROT_X  (0.000000)
drag3d: ORIG (-1.240000, 3.130000, -20.271350)
drag3d: POS  (-1.240000, 3.130000, -19.333278)
D3DRAG: MOVE_Z (0.938072)
D3DRAG: MOVE_Z (0.890822)
D3DRAG: MOVE_Z (0.304539)
D3DRAG: MOVE_Z (0.122531)
D3DRAG: MOVE_Z (0.169780)
D3DRAG: MOVE_Z (0.217030)
D3DRAG: MOVE_Z (0.311529)
D3DRAG: MOVE_Z (1.018590)
D3DRAG: MOVE_Z (1.597883)
D3DRAG: MOVE_Z (1.550633)
D3DRAG: MOVE_Z (1.408884)
D3DRAG: MOVE_Z (1.092118)
D3DRAG: MOVE_Z (0.472566)
D3DRAG: MOVE_Z (0.385057)
D3DRAG: MOVE_Z (-0.012228)
D3DRAG: MOVE_Z (0.035022)
D3DRAG: MOVE_Z (0.486547)
D3DRAG: MOVE_Z (1.375616)
drag3d: ORIG (-1.240000, 3.130000, -20.271350)
drag3d: POS  (-1.240000, 3.130000, -18.895734)
D3DRAG: MOVE_Z (1.375616)
D3DRAG: MOVE_Z (1.328366)
D3DRAG: MOVE_Z (1.051859)
D3DRAG: MOVE_Z (0.654574)
D3DRAG: MOVE_Z (0.701824)
D3DRAG: MOVE_Z (0.749073)
D3DRAG: MOVE_Z (0.796323)
D3DRAG: MOVE_Z (0.931081)
drag3d: ORIG (-1.240000, 3.130000, -20.271350)
drag3d: POS  (-1.240000, 3.130000, -19.340269)
drag3d: ORIG (-1.240000, 3.130000, -20.271350)
drag3d: POS  (-1.240000, 3.130000, -20.271350)
D3DRAG: MOVE_Z (0.000000)
D3DRAG: MOVE_Z (0.081174)
D3DRAG: MOVE_Z (1.449110)
drag3d: ORIG (-1.240000, 3.130000, -20.271350)
drag3d: POS  (-1.240000, 3.130000, -18.822240)
drag3d: ORIG (-1.240000, 3.130000, -20.271350)
drag3d: POS  (-1.240000, 3.130000, -20.271350)
drag3d: ORIG (-1.240000, 3.130000, -20.271350)
drag3d: POS  (-1.240000, 3.130000, -20.271350)
D3DRAG: CENTER (0.000000, 0.000000, 0.000000)
D3DRAG: CENTER (-0.029458, -0.020126, 0.134466)
D3DRAG: CENTER (-0.048173, -0.169626, 0.827649)
D3DRAG: CENTER (-0.057531, -0.244375, 1.174241)
D3DRAG: CENTER (0.012126, -0.333498, 1.464025)
D3DRAG: CENTER (-0.186103, -0.195505, 1.153389)
D3DRAG: CENTER (-0.345517, 0.037365, 0.361695)
D3DRAG: CENTER (-0.266502, 0.022992, 0.304888)
D3DRAG: CENTER (-0.108472, -0.005753, 0.191273)
D3DRAG: CENTER (-0.029458, -0.020126, 0.134466)
D3DRAG: CENTER (-0.108472, -0.005753, 0.191273)
D3DRAG: CENTER (0.040199, -0.109248, 0.424250)
D3DRAG: CENTER (-0.038815, -0.094876, 0.481058)
D3DRAG: CENTER (-0.196845, -0.066130, 0.594672)
D3DRAG: CENTER (-0.117830, -0.080503, 0.537865)
D3DRAG: CENTER (0.060299, -0.163872, 0.636376)
D3DRAG: CENTER (0.109856, -0.198371, 0.714035)
D3DRAG: CENTER (0.030842, -0.183998, 0.770842)
D3DRAG: CENTER (-0.048173, -0.169626, 0.827649)
drag3d: ORIG (-1.240000, 3.130000, -20.271350)
drag3d: POS  (-1.288173, 2.960374, -19.443701)
TIMER TRACE: FullRegen START: 0.00000
TIMER TRACE: FullRegen  STOP: 1.55200
TIMER TRACE: FullRegen START: 0.00000
TIMER TRACE: FullRegen  STOP: 0.13400
TIMER TRACE: DraggerRegen START: 0.00000
TIMER TRACE: DraggerRegen  STOP: 1.70400
TIMER TRACE: DraggerRegen START: 0.00000
TIMER TRACE: DraggerRegen  STOP: 1.92500
TIMER TRACE: FullRegen START: 0.00000
TIMER TRACE: FullRegen  STOP: 4.48800
TIMER TRACE: FullRegen START: 0.00000
TIMER TRACE: FullRegen  STOP: 0.05000
TIMER TRACE: FullRegen START: 0.00000
TIMER TRACE: FullRegen  STOP: 0.24200
TIMER TRACE: FullRegen START: 0.00000
TIMER TRACE: FullRegen  STOP: 0.19700
TIMER TRACE: FullRegen START: 0.00000
TIMER TRACE: FullRegen  STOP: 0.19700
TIMER TRACE: FullRegen START: 0.00000
TIMER TRACE: FullRegen  STOP: 0.10000
TIMER TRACE: FullRegen START: 0.00000
TIMER TRACE: FullRegen  STOP: 0.19700
TIMER TRACE: FullRegen START: 0.00000
TIMER TRACE: FullRegen  STOP: 0.19300
TIMER TRACE: FullRegen START: 0.00000
TIMER TRACE: FullRegen  STOP: 0.24300
TIMER TRACE: FullRegen START: 0.00000
TIMER TRACE: FullRegen  STOP: 0.23300
TIMER TRACE: FullRegen START: 0.00000
TIMER TRACE: FullRegen  STOP: 0.12800
TIMER TRACE: FullRegen START: 0.00000
TIMER TRACE: FullRegen  STOP: 0.19600
TIMER TRACE: DraggerRegen START: 0.00000
TIMER TRACE: DraggerRegen  STOP: 0.15100
TIMER TRACE: DraggerRegen START: 0.00000
TIMER TRACE: DraggerRegen  STOP: 0.10600
TIMER TRACE: DraggerRegen START: 0.00000
TIMER TRACE: DraggerRegen  STOP: 0.08300
TIMER TRACE: DraggerRegen START: 0.00000
TIMER TRACE: DraggerRegen  STOP: 0.08400
TIMER TRACE: DraggerRegen START: 0.00000
TIMER TRACE: DraggerRegen  STOP: 0.08200
TIMER TRACE: DraggerRegen START: 0.00000
TIMER TRACE: DraggerRegen  STOP: 0.09200
TIMER TRACE: DraggerRegen START: 0.00000
TIMER TRACE: DraggerRegen  STOP: 0.08300
TIMER TRACE: DraggerRegen START: 0.00000
TIMER TRACE: DraggerRegen  STOP: 0.09200
TIMER TRACE: DraggerRegen START: 0.00000
TIMER TRACE: DraggerRegen  STOP: 0.08500
TIMER TRACE: DraggerRegen START: 0.00000
TIMER TRACE: DraggerRegen  STOP: 0.11100
TIMER TRACE: DraggerRegen START: 0.00000
TIMER TRACE: DraggerRegen  STOP: 0.09300
TIMER TRACE: DraggerRegen START: 0.00000
TIMER TRACE: DraggerRegen  STOP: 0.08700
TIMER TRACE: DraggerRegen START: 0.00000
TIMER TRACE: DraggerRegen  STOP: 0.08800
TIMER TRACE: DraggerRegen START: 0.00000
TIMER TRACE: DraggerRegen  STOP: 0.10400
TIMER TRACE: DraggerRegen START: 0.00000
TIMER TRACE: DraggerRegen  STOP: 0.10900
TIMER TRACE: DraggerRegen START: 0.00000
TIMER TRACE: DraggerRegen  STOP: 0.12100
TIMER TRACE: DraggerRegen START: 0.00000
TIMER TRACE: DraggerRegen  STOP: 0.12100
TIMER TRACE: DraggerRegen START: 0.00000
TIMER TRACE: DraggerRegen  STOP: 0.15600
TIMER TRACE: DraggerRegen START: 0.00000
TIMER TRACE: DraggerRegen  STOP: 0.14700
TIMER TRACE: DraggerRegen START: 0.00000
TIMER TRACE: DraggerRegen  STOP: 0.24800
TIMER TRACE: FullRegen START: 0.00000
TIMER TRACE: FullRegen  STOP: 0.58000
TIMER TRACE: FullRegen START: 0.00000
TIMER TRACE: FullRegen  STOP: 0.19800
TIMER TRACE: FullRegen START: 0.00000
TIMER TRACE: FullRegen  STOP: 0.19500
TIMER TRACE: FullRegen START: 0.00000
TIMER TRACE: FullRegen  STOP: 0.21000
TIMER TRACE: FullRegen START: 0.00000
TIMER TRACE: FullRegen  STOP: 0.20400
TIMER TRACE: FullRegen START: 0.00000
TIMER TRACE: FullRegen  STOP: 0.13900
TIMER TRACE: FullRegen START: 0.00000
TIMER TRACE: FullRegen  STOP: 0.21600
